<?xml version="1.0" encoding="UTF-8"?>
<!-- Generated by org.testng.reporters.JUnitReportReporter -->
<testsuite skipped="17" hostname="LTA1TFLHGS-MAC.local" name="com.bsb.wynkAndroid.Test.SearchTest" tests="19" failures="0" timestamp="26 Jul 2018 10:54:38 GMT" time="1.246" errors="2">
  <testcase name="setDefaultLanguage" time="0.001" classname="com.bsb.wynkAndroid.Test.SearchTest">
    <skipped/>
  </testcase> <!-- setDefaultLanguage -->
  <testcase name="verifyIfSelectedLanguageRailFeedPresent" time="0.003" classname="com.bsb.wynkAndroid.Test.SearchTest">
    <error type="org.testng.TestNGException" message="
Cannot inject @Test annotated Method [verifyIfSelectedLanguageRailFeedPresent] with [class java.util.LinkedHashSet].
For more information on native dependency injection please refer to http://testng.org/doc/documentation-main.html#native-dependency-injection">
      <![CDATA[org.testng.TestNGException: 
Cannot inject @Test annotated Method [verifyIfSelectedLanguageRailFeedPresent] with [class java.util.LinkedHashSet].
For more information on native dependency injection please refer to http://testng.org/doc/documentation-main.html#native-dependency-injection
at org.testng.internal.Parameters.checkParameterTypes(Parameters.java:407)
at org.testng.internal.Parameters.createParametersForMethod(Parameters.java:356)
at org.testng.internal.Parameters.createParameters(Parameters.java:635)
at org.testng.internal.Parameters.handleParameters(Parameters.java:769)
at org.testng.internal.ParameterHandler.handleParameters(ParameterHandler.java:49)
at org.testng.internal.ParameterHandler.createParameters(ParameterHandler.java:37)
at org.testng.internal.Invoker.invokeTestMethods(Invoker.java:923)
at org.testng.internal.TestMethodWorker.invokeTestMethods(TestMethodWorker.java:125)
at org.testng.internal.TestMethodWorker.run(TestMethodWorker.java:109)
at org.testng.TestRunner.privateRun(TestRunner.java:648)
at org.testng.TestRunner.run(TestRunner.java:505)
at org.testng.SuiteRunner.runTest(SuiteRunner.java:455)
at org.testng.SuiteRunner.runSequentially(SuiteRunner.java:450)
at org.testng.SuiteRunner.privateRun(SuiteRunner.java:415)
at org.testng.SuiteRunner.run(SuiteRunner.java:364)
at org.testng.SuiteRunnerWorker.runSuite(SuiteRunnerWorker.java:52)
at org.testng.SuiteRunnerWorker.run(SuiteRunnerWorker.java:84)
at org.testng.TestNG.runSuitesSequentially(TestNG.java:1208)
at org.testng.TestNG.runSuitesLocally(TestNG.java:1137)
at org.testng.TestNG.runSuites(TestNG.java:1049)
at org.testng.TestNG.run(TestNG.java:1017)
at org.testng.remote.AbstractRemoteTestNG.run(AbstractRemoteTestNG.java:114)
at org.testng.remote.RemoteTestNG.initAndRun(RemoteTestNG.java:251)
at org.testng.remote.RemoteTestNG.main(RemoteTestNG.java:77)
]]>
    </error>
  </testcase> <!-- verifyIfSelectedLanguageRailFeedPresent -->
  <testcase name="launchApp" time="1.228" classname="com.bsb.wynkAndroid.Test.SearchTest">
    <error type="java.lang.NullPointerException">
      <![CDATA[java.lang.NullPointerException
at com.bsb.wynkAndroid.Test.SearchTest.launchApp(SearchTest.java:133)
at sun.reflect.NativeMethodAccessorImpl.invoke0(Native Method)
at sun.reflect.NativeMethodAccessorImpl.invoke(NativeMethodAccessorImpl.java:62)
at sun.reflect.DelegatingMethodAccessorImpl.invoke(DelegatingMethodAccessorImpl.java:43)
at java.lang.reflect.Method.invoke(Method.java:498)
at org.testng.internal.MethodInvocationHelper.invokeMethod(MethodInvocationHelper.java:124)
at org.testng.internal.MethodInvocationHelper.invokeMethodConsideringTimeout(MethodInvocationHelper.java:59)
at org.testng.internal.Invoker.invokeConfigurationMethod(Invoker.java:455)
at org.testng.internal.Invoker.invokeConfigurations(Invoker.java:222)
at org.testng.internal.Invoker.invokeConfigurations(Invoker.java:142)
at org.testng.TestRunner.beforeRun(TestRunner.java:529)
at org.testng.TestRunner.run(TestRunner.java:497)
at org.testng.SuiteRunner.runTest(SuiteRunner.java:455)
at org.testng.SuiteRunner.runSequentially(SuiteRunner.java:450)
at org.testng.SuiteRunner.privateRun(SuiteRunner.java:415)
at org.testng.SuiteRunner.run(SuiteRunner.java:364)
at org.testng.SuiteRunnerWorker.runSuite(SuiteRunnerWorker.java:52)
at org.testng.SuiteRunnerWorker.run(SuiteRunnerWorker.java:84)
at org.testng.TestNG.runSuitesSequentially(TestNG.java:1208)
at org.testng.TestNG.runSuitesLocally(TestNG.java:1137)
at org.testng.TestNG.runSuites(TestNG.java:1049)
at org.testng.TestNG.run(TestNG.java:1017)
at org.testng.remote.AbstractRemoteTestNG.run(AbstractRemoteTestNG.java:114)
at org.testng.remote.RemoteTestNG.initAndRun(RemoteTestNG.java:251)
at org.testng.remote.RemoteTestNG.main(RemoteTestNG.java:77)
]]>
    </error>
  </testcase> <!-- launchApp -->
  <testcase name="deselectAllLangauge" time="0.001" classname="com.bsb.wynkAndroid.Test.SearchTest">
    <skipped/>
  </testcase> <!-- deselectAllLangauge -->
  <testcase name="verifyAllSectionsPresenceOnSearchScreen" time="0.001" classname="com.bsb.wynkAndroid.Test.SearchTest">
    <skipped/>
  </testcase> <!-- verifyAllSectionsPresenceOnSearchScreen -->
  <testcase name="searchTopSong" time="0.002" classname="com.bsb.wynkAndroid.Test.SearchTest">
    <skipped/>
  </testcase> <!-- searchTopSong -->
  <testcase name="searchAndVerifyResultInRecentSearch" time="0.001" classname="com.bsb.wynkAndroid.Test.SearchTest">
    <skipped/>
  </testcase> <!-- searchAndVerifyResultInRecentSearch -->
  <testcase name="verifyMoreResults" time="0.000" classname="com.bsb.wynkAndroid.Test.SearchTest">
    <skipped/>
  </testcase> <!-- verifyMoreResults -->
  <testcase name="downloadSong" time="0.003" classname="com.bsb.wynkAndroid.Test.SearchTest">
    <skipped/>
  </testcase> <!-- downloadSong -->
  <testcase name="verifyArtistSearch" time="0.001" classname="com.bsb.wynkAndroid.Test.SearchTest">
    <skipped/>
  </testcase> <!-- verifyArtistSearch -->
  <testcase name="verifyOverFlowMenuOptions" time="0.001" classname="com.bsb.wynkAndroid.Test.SearchTest">
    <skipped/>
  </testcase> <!-- verifyOverFlowMenuOptions -->
  <testcase name="validateMusicPreference" time="0.000" classname="com.bsb.wynkAndroid.Test.SearchTest">
    <skipped/>
  </testcase> <!-- validateMusicPreference -->
  <testcase name="verifyVoiceSearch" time="0.000" classname="com.bsb.wynkAndroid.Test.SearchTest">
    <skipped/>
  </testcase> <!-- verifyVoiceSearch -->
  <testcase name="verifySelectedLanguageIsChecked" time="0.001" classname="com.bsb.wynkAndroid.Test.SearchTest">
    <skipped/>
  </testcase> <!-- verifySelectedLanguageIsChecked -->
  <testcase name="verifyOnly1LanguageSelected" time="0.000" classname="com.bsb.wynkAndroid.Test.SearchTest">
    <skipped/>
  </testcase> <!-- verifyOnly1LanguageSelected -->
  <testcase name="verifyNonCuratedLanguages" time="0.001" classname="com.bsb.wynkAndroid.Test.SearchTest">
    <skipped/>
  </testcase> <!-- verifyNonCuratedLanguages -->
  <testcase name="validateLanguagesDisplay" time="0.002" classname="com.bsb.wynkAndroid.Test.SearchTest">
    <skipped/>
  </testcase> <!-- validateLanguagesDisplay -->
  <testcase name="verify5Languageswith2NonCurated" time="0.000" classname="com.bsb.wynkAndroid.Test.SearchTest">
    <skipped/>
  </testcase> <!-- verify5Languageswith2NonCurated -->
  <testcase name="verifyHomeLanguageOption" time="0.000" classname="com.bsb.wynkAndroid.Test.SearchTest">
    <skipped/>
  </testcase> <!-- verifyHomeLanguageOption -->
</testsuite> <!-- com.bsb.wynkAndroid.Test.SearchTest -->
