<?xml version="1.0" encoding="UTF-8"?>
<!-- Generated by org.testng.reporters.JUnitReportReporter -->
<testsuite skipped="12" hostname="LTA1TFLHGS-MAC.local" name="com.bsb.wynkAndroid.Test.QueueTest" tests="14" failures="0" timestamp="12 Sep 2018 13:39:51 GMT" time="31.943" errors="2">
  <testcase name="undoRemovalSongFromQueue" time="3.539" classname="com.bsb.wynkAndroid.Test.QueueTest">
    <skipped/>
  </testcase> <!-- undoRemovalSongFromQueue -->
  <testcase name="confirmRemovalSongFromQueue" time="28.373" classname="com.bsb.wynkAndroid.Test.QueueTest">
    <error type="org.openqa.selenium.WebDriverException" message="Returned value cannot be converted to WebElement: {stacktrace=NoSuchDriverError: A session is either terminated or not started
    at asyncHandler$ (/usr/local/lib/node_modules/appium/node_modules/appium-base-driver/lib/protocol/protocol.js:212:15)
    at tryCatch (/usr/local/lib/node_modules/appium/node_modules/babel-runtime/regenerator/runtime.js:67:40)
    at GeneratorFunctionPrototype.invoke [as _invoke] (/usr/local/lib/node_modules/appium/node_modules/babel-runtime/regenerator/runtime.js:315:22)
    at GeneratorFunctionPrototype.prototype.(anonymous function) [as next] (/usr/local/lib/node_modules/appium/node_modules/babel-runtime/regenerator/runtime.js:100:21)
    at invoke (/usr/local/lib/node_modules/appium/node_modules/babel-runtime/regenerator/runtime.js:136:37)
    at enqueueResult (/usr/local/lib/node_modules/appium/node_modules/babel-runtime/regenerator/runtime.js:185:17)
    at new Promise (&lt;anonymous&gt;)
    at new F (/usr/local/lib/node_modules/appium/node_modules/core-js/library/modules/$.export.js:30:36)
    at AsyncIterator.enqueue (/usr/local/lib/node_modules/appium/node_modules/babel-runtime/regenerator/runtime.js:184:12)
    at AsyncIterator.prototype.(anonymous function) [as next] (/usr/local/lib/node_modules/appium/node_modules/babel-runtime/regenerator/runtime.js:100:21)
    at Object.runtime.async (/usr/local/lib/node_modules/appium/node_modules/babel-runtime/regenerator/runtime.js:209:12)
    at asyncHandler (/usr/local/lib/node_modules/appium/node_modules/appium-base-driver/build/lib/protocol/protocol.js:331:32)
    at /usr/local/lib/node_modules/appium/node_modules/appium-base-driver/lib/protocol/protocol.js:403:15
    at Layer.handle [as handle_request] (/usr/local/lib/node_modules/appium/node_modules/express/lib/router/layer.js:95:5)
    at next (/usr/local/lib/node_modules/appium/node_modules/express/lib/router/route.js:137:13)
    at Route.dispatch (/usr/local/lib/node_modules/appium/node_modules/express/lib/router/route.js:112:3)
    at Layer.handle [as handle_request] (/usr/local/lib/node_modules/appium/node_modules/express/lib/router/layer.js:95:5)
    at /usr/local/lib/node_modules/appium/node_modules/express/lib/router/index.js:281:22
    at param (/usr/local/lib/node_modules/appium/node_modules/express/lib/router/index.js:354:14)
    at param (/usr/local/lib/node_modules/appium/node_modules/express/lib/router/index.js:365:14)
    at Function.process_params (/usr/local/lib/node_modules/appium/node_modules/express/lib/router/index.js:410:3)
    at next (/usr/local/lib/node_modules/appium/node_modules/express/lib/router/index.js:275:10)
    at logger (/usr/local/lib/node_modules/appium/node_modules/morgan/index.js:144:5)
    at Layer.handle [as handle_request] (/usr/local/lib/node_modules/appium/node_modules/express/lib/router/layer.js:95:5)
    at trim_prefix (/usr/local/lib/node_modules/appium/node_modules/express/lib/router/index.js:317:13)
    at /usr/local/lib/node_modules/appium/node_modules/express/lib/router/index.js:284:7
    at Function.process_params (/usr/local/lib/node_modules/appium/node_modules/express/lib/router/index.js:335:12)
    at next (/usr/local/lib/node_modules/appium/node_modules/express/lib/router/index.js:275:10)
    at /usr/local/lib/node_modules/appium/node_modules/body-parser/lib/read.js:130:5
    at invokeCallback (/usr/local/lib/node_modules/appium/node_modules/raw-body/index.js:224:16)
    at done (/usr/local/lib/node_modules/appium/node_modules/raw-body/index.js:213:7)
    at IncomingMessage.onEnd (/usr/local/lib/node_modules/appium/node_modules/raw-body/index.js:273:7)
    at IncomingMessage.emit (events.js:182:13)
    at endReadableNT (_stream_readable.js:1081:12)
    at process._tickCallback (internal/process/next_tick.js:63:19), error=invalid session id, message=A session is either terminated or not started}
Build info: version: &#039;3.9.1&#039;, revision: &#039;63f7b50&#039;, time: &#039;2018-02-07T22:25:02.294Z&#039;
System info: host: &#039;LTA1TFLHGS-MAC.local&#039;, ip: &#039;fe80:0:0:0:4df:c667:e506:f249%en0&#039;, os.name: &#039;Mac OS X&#039;, os.arch: &#039;x86_64&#039;, os.version: &#039;10.13.2&#039;, java.version: &#039;1.8.0_181&#039;
Driver info: driver.version: AndroidDriver">
      <![CDATA[org.openqa.selenium.WebDriverException: Returned value cannot be converted to WebElement: {stacktrace=NoSuchDriverError: A session is either terminated or not started
    at asyncHandler$ (/usr/local/lib/node_modules/appium/node_modules/appium-base-driver/lib/protocol/protocol.js:212:15)
    at tryCatch (/usr/local/lib/node_modules/appium/node_modules/babel-runtime/regenerator/runtime.js:67:40)
    at GeneratorFunctionPrototype.invoke [as _invoke] (/usr/local/lib/node_modules/appium/node_modules/babel-runtime/regenerator/runtime.js:315:22)
    at GeneratorFunctionPrototype.prototype.(anonymous function) [as next] (/usr/local/lib/node_modules/appium/node_modules/babel-runtime/regenerator/runtime.js:100:21)
    at invoke (/usr/local/lib/node_modules/appium/node_modules/babel-runtime/regenerator/runtime.js:136:37)
    at enqueueResult (/usr/local/lib/node_modules/appium/node_modules/babel-runtime/regenerator/runtime.js:185:17)
    at new Promise (<anonymous>)
    at new F (/usr/local/lib/node_modules/appium/node_modules/core-js/library/modules/$.export.js:30:36)
    at AsyncIterator.enqueue (/usr/local/lib/node_modules/appium/node_modules/babel-runtime/regenerator/runtime.js:184:12)
    at AsyncIterator.prototype.(anonymous function) [as next] (/usr/local/lib/node_modules/appium/node_modules/babel-runtime/regenerator/runtime.js:100:21)
    at Object.runtime.async (/usr/local/lib/node_modules/appium/node_modules/babel-runtime/regenerator/runtime.js:209:12)
    at asyncHandler (/usr/local/lib/node_modules/appium/node_modules/appium-base-driver/build/lib/protocol/protocol.js:331:32)
    at /usr/local/lib/node_modules/appium/node_modules/appium-base-driver/lib/protocol/protocol.js:403:15
    at Layer.handle [as handle_request] (/usr/local/lib/node_modules/appium/node_modules/express/lib/router/layer.js:95:5)
    at next (/usr/local/lib/node_modules/appium/node_modules/express/lib/router/route.js:137:13)
    at Route.dispatch (/usr/local/lib/node_modules/appium/node_modules/express/lib/router/route.js:112:3)
    at Layer.handle [as handle_request] (/usr/local/lib/node_modules/appium/node_modules/express/lib/router/layer.js:95:5)
    at /usr/local/lib/node_modules/appium/node_modules/express/lib/router/index.js:281:22
    at param (/usr/local/lib/node_modules/appium/node_modules/express/lib/router/index.js:354:14)
    at param (/usr/local/lib/node_modules/appium/node_modules/express/lib/router/index.js:365:14)
    at Function.process_params (/usr/local/lib/node_modules/appium/node_modules/express/lib/router/index.js:410:3)
    at next (/usr/local/lib/node_modules/appium/node_modules/express/lib/router/index.js:275:10)
    at logger (/usr/local/lib/node_modules/appium/node_modules/morgan/index.js:144:5)
    at Layer.handle [as handle_request] (/usr/local/lib/node_modules/appium/node_modules/express/lib/router/layer.js:95:5)
    at trim_prefix (/usr/local/lib/node_modules/appium/node_modules/express/lib/router/index.js:317:13)
    at /usr/local/lib/node_modules/appium/node_modules/express/lib/router/index.js:284:7
    at Function.process_params (/usr/local/lib/node_modules/appium/node_modules/express/lib/router/index.js:335:12)
    at next (/usr/local/lib/node_modules/appium/node_modules/express/lib/router/index.js:275:10)
    at /usr/local/lib/node_modules/appium/node_modules/body-parser/lib/read.js:130:5
    at invokeCallback (/usr/local/lib/node_modules/appium/node_modules/raw-body/index.js:224:16)
    at done (/usr/local/lib/node_modules/appium/node_modules/raw-body/index.js:213:7)
    at IncomingMessage.onEnd (/usr/local/lib/node_modules/appium/node_modules/raw-body/index.js:273:7)
    at IncomingMessage.emit (events.js:182:13)
    at endReadableNT (_stream_readable.js:1081:12)
    at process._tickCallback (internal/process/next_tick.js:63:19), error=invalid session id, message=A session is either terminated or not started}
Build info: version: '3.9.1', revision: '63f7b50', time: '2018-02-07T22:25:02.294Z'
System info: host: 'LTA1TFLHGS-MAC.local', ip: 'fe80:0:0:0:4df:c667:e506:f249%en0', os.name: 'Mac OS X', os.arch: 'x86_64', os.version: '10.13.2', java.version: '1.8.0_181'
Driver info: driver.version: AndroidDriver
at org.openqa.selenium.remote.RemoteWebDriver.findElement(RemoteWebDriver.java:378)
at io.appium.java_client.DefaultGenericMobileDriver.findElement(DefaultGenericMobileDriver.java:62)
at io.appium.java_client.AppiumDriver.findElement(AppiumDriver.java:1)
at io.appium.java_client.android.AndroidDriver.findElement(AndroidDriver.java:1)
at org.openqa.selenium.remote.RemoteWebDriver.findElementById(RemoteWebDriver.java:417)
at io.appium.java_client.DefaultGenericMobileDriver.findElementById(DefaultGenericMobileDriver.java:70)
at io.appium.java_client.AppiumDriver.findElementById(AppiumDriver.java:1)
at io.appium.java_client.android.AndroidDriver.findElementById(AndroidDriver.java:1)
at org.openqa.selenium.By$ById.findElement(By.java:218)
at org.openqa.selenium.remote.RemoteWebDriver.findElement(RemoteWebDriver.java:363)
at io.appium.java_client.DefaultGenericMobileDriver.findElement(DefaultGenericMobileDriver.java:58)
at io.appium.java_client.AppiumDriver.findElement(AppiumDriver.java:1)
at io.appium.java_client.android.AndroidDriver.findElement(AndroidDriver.java:1)
at org.openqa.selenium.support.pagefactory.DefaultElementLocator.findElement(DefaultElementLocator.java:69)
at org.openqa.selenium.support.pagefactory.internal.LocatingElementHandler.invoke(LocatingElementHandler.java:38)
at com.sun.proxy.$Proxy24.isDisplayed(Unknown Source)
at org.openqa.selenium.support.ui.ExpectedConditions.elementIfVisible(ExpectedConditions.java:315)
at org.openqa.selenium.support.ui.ExpectedConditions.access$100(ExpectedConditions.java:44)
at org.openqa.selenium.support.ui.ExpectedConditions$10.apply(ExpectedConditions.java:301)
at org.openqa.selenium.support.ui.ExpectedConditions$10.apply(ExpectedConditions.java:298)
at org.openqa.selenium.support.ui.FluentWait.until(FluentWait.java:208)
at com.bsb.wynkAndroid.Utils.BaseUtil.WaitForElement(BaseUtil.java:711)
at com.bsb.wynkAndroid.Page.PlayListScreen.getFirstSong(PlayListScreen.java:417)
at com.bsb.wynkAndroid.Test.QueueTest.confirmRemovalSongFromQueue(QueueTest.java:665)
at sun.reflect.NativeMethodAccessorImpl.invoke0(Native Method)
at sun.reflect.NativeMethodAccessorImpl.invoke(NativeMethodAccessorImpl.java:62)
at sun.reflect.DelegatingMethodAccessorImpl.invoke(DelegatingMethodAccessorImpl.java:43)
at java.lang.reflect.Method.invoke(Method.java:498)
at org.testng.internal.MethodInvocationHelper.invokeMethod(MethodInvocationHelper.java:124)
at org.testng.internal.MethodInvocationHelper$1.runTestMethod(MethodInvocationHelper.java:230)
at org.springframework.test.context.testng.AbstractTestNGSpringContextTests.run(AbstractTestNGSpringContextTests.java:172)
at org.testng.internal.MethodInvocationHelper.invokeHookable(MethodInvocationHelper.java:242)
at org.testng.internal.Invoker.invokeMethod(Invoker.java:576)
at org.testng.internal.Invoker.invokeTestMethod(Invoker.java:716)
at org.testng.internal.Invoker.invokeTestMethods(Invoker.java:988)
at org.testng.internal.TestMethodWorker.invokeTestMethods(TestMethodWorker.java:125)
at org.testng.internal.TestMethodWorker.run(TestMethodWorker.java:109)
at org.testng.TestRunner.privateRun(TestRunner.java:648)
at org.testng.TestRunner.run(TestRunner.java:505)
at org.testng.SuiteRunner.runTest(SuiteRunner.java:455)
at org.testng.SuiteRunner.runSequentially(SuiteRunner.java:450)
at org.testng.SuiteRunner.privateRun(SuiteRunner.java:415)
at org.testng.SuiteRunner.run(SuiteRunner.java:364)
at org.testng.SuiteRunnerWorker.runSuite(SuiteRunnerWorker.java:52)
at org.testng.SuiteRunnerWorker.run(SuiteRunnerWorker.java:84)
at org.testng.TestNG.runSuitesSequentially(TestNG.java:1208)
at org.testng.TestNG.runSuitesLocally(TestNG.java:1137)
at org.testng.TestNG.runSuites(TestNG.java:1049)
at org.testng.TestNG.run(TestNG.java:1017)
at org.testng.remote.AbstractRemoteTestNG.run(AbstractRemoteTestNG.java:114)
at org.testng.remote.RemoteTestNG.initAndRun(RemoteTestNG.java:251)
at org.testng.remote.RemoteTestNG.main(RemoteTestNG.java:77)
Caused by: java.lang.ClassCastException: com.google.common.collect.Maps$TransformedEntriesMap cannot be cast to org.openqa.selenium.WebElement
at org.openqa.selenium.remote.RemoteWebDriver.findElement(RemoteWebDriver.java:376)
... 51 more
]]>
    </error>
  </testcase> <!-- confirmRemovalSongFromQueue -->
  <testcase name="songToPlaylistStats" time="0.001" classname="com.bsb.wynkAndroid.Test.QueueTest">
    <skipped/>
  </testcase> <!-- songToPlaylistStats -->
  <testcase name="validateAddSongsToNewPlaylist" time="0.004" classname="com.bsb.wynkAndroid.Test.QueueTest">
    <skipped/>
  </testcase> <!-- validateAddSongsToNewPlaylist -->
  <testcase name="validateShuffle" time="0.000" classname="com.bsb.wynkAndroid.Test.QueueTest">
    <skipped/>
  </testcase> <!-- validateShuffle -->
  <testcase name="validatePlayerNotificationControls" time="0.001" classname="com.bsb.wynkAndroid.Test.QueueTest">
    <skipped/>
  </testcase> <!-- validatePlayerNotificationControls -->
  <testcase name="validateMultiplePlayListInQueue" time="0.000" classname="com.bsb.wynkAndroid.Test.QueueTest">
    <skipped/>
  </testcase> <!-- validateMultiplePlayListInQueue -->
  <testcase name="validatePlayMorethan500songs" time="0.000" classname="com.bsb.wynkAndroid.Test.QueueTest">
    <skipped/>
  </testcase> <!-- validatePlayMorethan500songs -->
  <testcase name="validateLockScreenControls" time="0.000" classname="com.bsb.wynkAndroid.Test.QueueTest">
    <skipped/>
  </testcase> <!-- validateLockScreenControls -->
  <testcase name="validateRemoveSongFromQueue" time="0.000" classname="com.bsb.wynkAndroid.Test.QueueTest">
    <skipped/>
  </testcase> <!-- validateRemoveSongFromQueue -->
  <testcase name="validateSongToPlaylist" time="0.007" classname="com.bsb.wynkAndroid.Test.QueueTest">
    <skipped/>
  </testcase> <!-- validateSongToPlaylist -->
  <testcase name="validateQueueHeader" time="0.000" classname="com.bsb.wynkAndroid.Test.QueueTest">
    <skipped/>
  </testcase> <!-- validateQueueHeader -->
  <testcase name="validateQueueHeaderOnScroll" time="0.001" classname="com.bsb.wynkAndroid.Test.QueueTest">
    <skipped/>
  </testcase> <!-- validateQueueHeaderOnScroll -->
  <testcase name="afterMethod" time="0.017" classname="com.bsb.wynkAndroid.Test.QueueTest">
    <error type="org.openqa.selenium.WebDriverException" message="Session [d4919728-c390-4a0c-8fe0-8ddae010e2b0] was terminated due to BROWSER_TIMEOUT
Command duration or timeout: 0 milliseconds">
      <![CDATA[org.openqa.selenium.WebDriverException: Session [d4919728-c390-4a0c-8fe0-8ddae010e2b0] was terminated due to BROWSER_TIMEOUT
Command duration or timeout: 0 milliseconds
at sun.reflect.NativeConstructorAccessorImpl.newInstance0(Native Method)
at sun.reflect.NativeConstructorAccessorImpl.newInstance(NativeConstructorAccessorImpl.java:62)
at sun.reflect.DelegatingConstructorAccessorImpl.newInstance(DelegatingConstructorAccessorImpl.java:45)
at java.lang.reflect.Constructor.newInstance(Constructor.java:423)
at org.openqa.selenium.remote.ErrorHandler.createThrowable(ErrorHandler.java:214)
at org.openqa.selenium.remote.ErrorHandler.throwIfResponseFailed(ErrorHandler.java:166)
at org.openqa.selenium.remote.http.JsonHttpResponseCodec.reconstructValue(JsonHttpResponseCodec.java:40)
at org.openqa.selenium.remote.http.AbstractHttpResponseCodec.decode(AbstractHttpResponseCodec.java:80)
at org.openqa.selenium.remote.http.AbstractHttpResponseCodec.decode(AbstractHttpResponseCodec.java:44)
at org.openqa.selenium.remote.HttpCommandExecutor.execute(HttpCommandExecutor.java:160)
at io.appium.java_client.remote.AppiumCommandExecutor.execute(AppiumCommandExecutor.java:129)
at org.openqa.selenium.remote.RemoteWebDriver.execute(RemoteWebDriver.java:601)
at io.appium.java_client.DefaultGenericMobileDriver.execute(DefaultGenericMobileDriver.java:42)
at io.appium.java_client.AppiumDriver.execute(AppiumDriver.java:1)
at io.appium.java_client.android.AndroidDriver.execute(AndroidDriver.java:1)
at org.openqa.selenium.remote.RemoteWebDriver.findElement(RemoteWebDriver.java:371)
at io.appium.java_client.DefaultGenericMobileDriver.findElement(DefaultGenericMobileDriver.java:62)
at io.appium.java_client.AppiumDriver.findElement(AppiumDriver.java:1)
at io.appium.java_client.android.AndroidDriver.findElement(AndroidDriver.java:1)
at org.openqa.selenium.remote.RemoteWebDriver.findElementById(RemoteWebDriver.java:417)
at io.appium.java_client.DefaultGenericMobileDriver.findElementById(DefaultGenericMobileDriver.java:70)
at io.appium.java_client.AppiumDriver.findElementById(AppiumDriver.java:1)
at io.appium.java_client.android.AndroidDriver.findElementById(AndroidDriver.java:1)
at org.openqa.selenium.By$ById.findElement(By.java:218)
at org.openqa.selenium.remote.RemoteWebDriver.findElement(RemoteWebDriver.java:363)
at io.appium.java_client.DefaultGenericMobileDriver.findElement(DefaultGenericMobileDriver.java:58)
at io.appium.java_client.AppiumDriver.findElement(AppiumDriver.java:1)
at io.appium.java_client.android.AndroidDriver.findElement(AndroidDriver.java:1)
at org.openqa.selenium.support.pagefactory.DefaultElementLocator.findElement(DefaultElementLocator.java:69)
at org.openqa.selenium.support.pagefactory.internal.LocatingElementHandler.invoke(LocatingElementHandler.java:38)
at com.sun.proxy.$Proxy24.isDisplayed(Unknown Source)
at org.openqa.selenium.support.ui.ExpectedConditions.elementIfVisible(ExpectedConditions.java:315)
at org.openqa.selenium.support.ui.ExpectedConditions.access$100(ExpectedConditions.java:44)
at org.openqa.selenium.support.ui.ExpectedConditions$10.apply(ExpectedConditions.java:301)
at org.openqa.selenium.support.ui.ExpectedConditions$10.apply(ExpectedConditions.java:298)
at org.openqa.selenium.support.ui.FluentWait.until(FluentWait.java:208)
at com.bsb.wynkAndroid.Utils.BaseUtil.WaitForElement(BaseUtil.java:711)
at com.bsb.wynkAndroid.Page.MiniPlayer.isVisibleMiniPlayer(MiniPlayer.java:73)
at com.bsb.wynkAndroid.Page.CommonPages.removeMiniPlayer(CommonPages.java:293)
at com.bsb.wynkAndroid.Test.QueueTest.afterMethod(QueueTest.java:144)
at sun.reflect.NativeMethodAccessorImpl.invoke0(Native Method)
at sun.reflect.NativeMethodAccessorImpl.invoke(NativeMethodAccessorImpl.java:62)
at sun.reflect.DelegatingMethodAccessorImpl.invoke(DelegatingMethodAccessorImpl.java:43)
at java.lang.reflect.Method.invoke(Method.java:498)
at org.testng.internal.MethodInvocationHelper.invokeMethod(MethodInvocationHelper.java:124)
at org.testng.internal.MethodInvocationHelper.invokeMethodConsideringTimeout(MethodInvocationHelper.java:59)
at org.testng.internal.Invoker.invokeConfigurationMethod(Invoker.java:455)
at org.testng.internal.Invoker.invokeConfigurations(Invoker.java:222)
at org.testng.internal.Invoker.invokeMethod(Invoker.java:643)
at org.testng.internal.Invoker.invokeTestMethod(Invoker.java:716)
at org.testng.internal.Invoker.invokeTestMethods(Invoker.java:988)
at org.testng.internal.TestMethodWorker.invokeTestMethods(TestMethodWorker.java:125)
at org.testng.internal.TestMethodWorker.run(TestMethodWorker.java:109)
at org.testng.TestRunner.privateRun(TestRunner.java:648)
at org.testng.TestRunner.run(TestRunner.java:505)
at org.testng.SuiteRunner.runTest(SuiteRunner.java:455)
at org.testng.SuiteRunner.runSequentially(SuiteRunner.java:450)
at org.testng.SuiteRunner.privateRun(SuiteRunner.java:415)
at org.testng.SuiteRunner.run(SuiteRunner.java:364)
at org.testng.SuiteRunnerWorker.runSuite(SuiteRunnerWorker.java:52)
at org.testng.SuiteRunnerWorker.run(SuiteRunnerWorker.java:84)
at org.testng.TestNG.runSuitesSequentially(TestNG.java:1208)
at org.testng.TestNG.runSuitesLocally(TestNG.java:1137)
at org.testng.TestNG.runSuites(TestNG.java:1049)
at org.testng.TestNG.run(TestNG.java:1017)
at org.testng.remote.AbstractRemoteTestNG.run(AbstractRemoteTestNG.java:114)
at org.testng.remote.RemoteTestNG.initAndRun(RemoteTestNG.java:251)
at org.testng.remote.RemoteTestNG.main(RemoteTestNG.java:77)
Caused by: org.openqa.selenium.WebDriverException: Session [d4919728-c390-4a0c-8fe0-8ddae010e2b0] was terminated due to BROWSER_TIMEOUT
Build info: version: '3.9.1', revision: '63f7b50', time: '2018-02-07T22:25:02.294Z'
System info: host: 'LTA1TFLHGS-MAC.local', ip: 'fe80:0:0:0:4df:c667:e506:f249%en0', os.name: 'Mac OS X', os.arch: 'x86_64', os.version: '10.13.2', java.version: '1.8.0_181'
Driver info: driver.version: unknown
at org.openqa.grid.internal.ActiveTestSessions.getExistingSession(ActiveTestSessions.java:116)
at org.openqa.grid.internal.DefaultGridRegistry.getExistingSession(DefaultGridRegistry.java:389)
at org.openqa.grid.web.servlet.handler.RequestHandler.getSession(RequestHandler.java:237)
at org.openqa.grid.web.servlet.handler.RequestHandler.process(RequestHandler.java:122)
at org.openqa.grid.web.servlet.DriverServlet.process(DriverServlet.java:84)
at org.openqa.grid.web.servlet.DriverServlet.doPost(DriverServlet.java:68)
at javax.servlet.http.HttpServlet.service(HttpServlet.java:707)
at javax.servlet.http.HttpServlet.service(HttpServlet.java:790)
at org.seleniumhq.jetty9.servlet.ServletHolder.handle(ServletHolder.java:860)
at org.seleniumhq.jetty9.servlet.ServletHandler.doHandle(ServletHandler.java:535)
at org.seleniumhq.jetty9.server.handler.ScopedHandler.nextHandle(ScopedHandler.java:188)
at org.seleniumhq.jetty9.server.session.SessionHandler.doHandle(SessionHandler.java:1595)
at org.seleniumhq.jetty9.server.handler.ScopedHandler.nextHandle(ScopedHandler.java:188)
at org.seleniumhq.jetty9.server.handler.ContextHandler.doHandle(ContextHandler.java:1253)
at org.seleniumhq.jetty9.server.handler.ScopedHandler.nextScope(ScopedHandler.java:168)
at org.seleniumhq.jetty9.servlet.ServletHandler.doScope(ServletHandler.java:473)
at org.seleniumhq.jetty9.server.session.SessionHandler.doScope(SessionHandler.java:1564)
at org.seleniumhq.jetty9.server.handler.ScopedHandler.nextScope(ScopedHandler.java:166)
at org.seleniumhq.jetty9.server.handler.ContextHandler.doScope(ContextHandler.java:1155)
at org.seleniumhq.jetty9.server.handler.ScopedHandler.handle(ScopedHandler.java:141)
at org.seleniumhq.jetty9.server.handler.HandlerWrapper.handle(HandlerWrapper.java:132)
at org.seleniumhq.jetty9.server.Server.handle(Server.java:530)
at org.seleniumhq.jetty9.server.HttpChannel.handle(HttpChannel.java:347)
at org.seleniumhq.jetty9.server.HttpConnection.onFillable(HttpConnection.java:256)
at org.seleniumhq.jetty9.io.AbstractConnection$ReadCallback.succeeded(AbstractConnection.java:279)
at org.seleniumhq.jetty9.io.FillInterest.fillable(FillInterest.java:102)
at org.seleniumhq.jetty9.io.ChannelEndPoint$2.run(ChannelEndPoint.java:124)
at org.seleniumhq.jetty9.util.thread.strategy.EatWhatYouKill.doProduce(EatWhatYouKill.java:247)
at org.seleniumhq.jetty9.util.thread.strategy.EatWhatYouKill.produce(EatWhatYouKill.java:140)
at org.seleniumhq.jetty9.util.thread.strategy.EatWhatYouKill.run(EatWhatYouKill.java:131)
at org.seleniumhq.jetty9.util.thread.ReservedThreadExecutor$ReservedThread.run(ReservedThreadExecutor.java:382)
at org.seleniumhq.jetty9.util.thread.QueuedThreadPool.runJob(QueuedThreadPool.java:708)
at org.seleniumhq.jetty9.util.thread.QueuedThreadPool$2.run(QueuedThreadPool.java:626)
at java.lang.Thread.run(Thread.java:748)
]]>
    </error>
  </testcase> <!-- afterMethod -->
</testsuite> <!-- com.bsb.wynkAndroid.Test.QueueTest -->
